2025-07-18 14:13:07,829 [INFO] Iniciando extracción del archivo.
2025-07-18 14:13:07,830 [ERROR] Error durante el proceso: El archivo de entrada no es un .xlsm válido ni una carpeta ZIP extraída.
Traceback (most recent call last):
  File "C:\Users\fcais\Desktop\Desofuscador124\main.py", line 79, in main
    extraer_archivo(args.input, args.output)
  File "C:\Users\fcais\Desktop\Desofuscador124\main.py", line 30, in extraer_archivo
    unpacker.unpack()
  File "C:\Users\fcais\Desktop\Desofuscador124\extractor\xlsm_unpacker.py", line 17, in unpack
    raise ValueError("El archivo de entrada no es un .xlsm válido ni una carpeta ZIP extraída.")
ValueError: El archivo de entrada no es un .xlsm válido ni una carpeta ZIP extraída.
2025-07-18 14:13:34,893 [INFO] Iniciando extracción del archivo.
2025-07-18 14:13:34,893 [ERROR] Error durante el proceso: El archivo de entrada no es un .xlsm válido ni una carpeta ZIP extraída.
Traceback (most recent call last):
  File "C:\Users\fcais\Desktop\Desofuscador124\main.py", line 79, in main
    extraer_archivo(args.input, args.output)
  File "C:\Users\fcais\Desktop\Desofuscador124\main.py", line 30, in extraer_archivo
    unpacker.unpack()
  File "C:\Users\fcais\Desktop\Desofuscador124\extractor\xlsm_unpacker.py", line 17, in unpack
    raise ValueError("El archivo de entrada no es un .xlsm válido ni una carpeta ZIP extraída.")
ValueError: El archivo de entrada no es un .xlsm válido ni una carpeta ZIP extraída.
2025-07-18 14:17:06,014 [INFO] Iniciando extracción del archivo.
2025-07-18 14:17:06,014 [INFO] Eliminando protecciones y rastros de XLtoEXE.
2025-07-18 14:17:06,014 [INFO] Extrayendo y desofuscando macros VBA.
2025-07-18 14:17:06,014 [WARNING] No se encontraron macros VBA para procesar.
2025-07-18 14:17:06,014 [INFO] Reconstruyendo archivo .xlsm limpio.
2025-07-18 14:17:06,024 [INFO] Generando informe final.
2025-07-18 14:17:06,024 [INFO] Proceso completado correctamente.
2025-07-18 14:17:45,008 [INFO] Iniciando extracción del archivo.
2025-07-18 14:17:45,011 [INFO] Eliminando protecciones y rastros de XLtoEXE.
2025-07-18 14:17:45,011 [INFO] Extrayendo y desofuscando macros VBA.
2025-07-18 14:17:45,012 [WARNING] No se encontraron macros VBA para procesar.
2025-07-18 14:17:45,012 [INFO] Reconstruyendo archivo .xlsm limpio.
2025-07-18 14:17:45,014 [INFO] Generando informe final.
2025-07-18 14:17:45,014 [INFO] Proceso completado correctamente.
